21-Sep-2023 10:10:30.038 INFO [main] org.apache.catalina.startup.VersionLoggerListener.log Server version name:   Apache Tomcat/9.0.80
21-Sep-2023 10:10:30.052 INFO [main] org.apache.catalina.startup.VersionLoggerListener.log Server built:          Aug 23 2023 21:59:38 UTC
21-Sep-2023 10:10:30.053 INFO [main] org.apache.catalina.startup.VersionLoggerListener.log Server version number: 9.0.80.0
21-Sep-2023 10:10:30.053 INFO [main] org.apache.catalina.startup.VersionLoggerListener.log OS Name:               Mac OS X
21-Sep-2023 10:10:30.053 INFO [main] org.apache.catalina.startup.VersionLoggerListener.log OS Version:            13.5.1
21-Sep-2023 10:10:30.053 INFO [main] org.apache.catalina.startup.VersionLoggerListener.log Architecture:          x86_64
21-Sep-2023 10:10:30.053 INFO [main] org.apache.catalina.startup.VersionLoggerListener.log Java Home:             /Library/Java/JavaVirtualMachines/jdk-11.0.17.jdk/Contents/Home
21-Sep-2023 10:10:30.053 INFO [main] org.apache.catalina.startup.VersionLoggerListener.log JVM Version:           11.0.17+10-LTS-269
21-Sep-2023 10:10:30.054 INFO [main] org.apache.catalina.startup.VersionLoggerListener.log JVM Vendor:            Oracle Corporation
21-Sep-2023 10:10:30.054 INFO [main] org.apache.catalina.startup.VersionLoggerListener.log CATALINA_BASE:         /Users/zyf/Desktop/Programmer/Java/Java_SpringBoot/apache-tomcat-9.0.80
21-Sep-2023 10:10:30.054 INFO [main] org.apache.catalina.startup.VersionLoggerListener.log CATALINA_HOME:         /Users/zyf/Desktop/Programmer/Java/Java_SpringBoot/apache-tomcat-9.0.80
21-Sep-2023 10:10:30.056 INFO [main] org.apache.catalina.startup.VersionLoggerListener.log Command line argument: --add-opens=java.base/java.lang=ALL-UNNAMED
21-Sep-2023 10:10:30.057 INFO [main] org.apache.catalina.startup.VersionLoggerListener.log Command line argument: --add-opens=java.base/java.io=ALL-UNNAMED
21-Sep-2023 10:10:30.058 INFO [main] org.apache.catalina.startup.VersionLoggerListener.log Command line argument: --add-opens=java.base/java.util=ALL-UNNAMED
21-Sep-2023 10:10:30.058 INFO [main] org.apache.catalina.startup.VersionLoggerListener.log Command line argument: --add-opens=java.base/java.util.concurrent=ALL-UNNAMED
21-Sep-2023 10:10:30.058 INFO [main] org.apache.catalina.startup.VersionLoggerListener.log Command line argument: --add-opens=java.rmi/sun.rmi.transport=ALL-UNNAMED
21-Sep-2023 10:10:30.058 INFO [main] org.apache.catalina.startup.VersionLoggerListener.log Command line argument: -Djava.util.logging.config.file=/Users/zyf/Desktop/Programmer/Java/Java_SpringBoot/apache-tomcat-9.0.80/conf/logging.properties
21-Sep-2023 10:10:30.059 INFO [main] org.apache.catalina.startup.VersionLoggerListener.log Command line argument: -Djava.util.logging.manager=org.apache.juli.ClassLoaderLogManager
21-Sep-2023 10:10:30.059 INFO [main] org.apache.catalina.startup.VersionLoggerListener.log Command line argument: -Djdk.tls.ephemeralDHKeySize=2048
21-Sep-2023 10:10:30.059 INFO [main] org.apache.catalina.startup.VersionLoggerListener.log Command line argument: -Djava.protocol.handler.pkgs=org.apache.catalina.webresources
21-Sep-2023 10:10:30.059 INFO [main] org.apache.catalina.startup.VersionLoggerListener.log Command line argument: -Dorg.apache.catalina.security.SecurityListener.UMASK=0027
21-Sep-2023 10:10:30.060 INFO [main] org.apache.catalina.startup.VersionLoggerListener.log Command line argument: -Dignore.endorsed.dirs=
21-Sep-2023 10:10:30.061 INFO [main] org.apache.catalina.startup.VersionLoggerListener.log Command line argument: -Dcatalina.base=/Users/zyf/Desktop/Programmer/Java/Java_SpringBoot/apache-tomcat-9.0.80
21-Sep-2023 10:10:30.061 INFO [main] org.apache.catalina.startup.VersionLoggerListener.log Command line argument: -Dcatalina.home=/Users/zyf/Desktop/Programmer/Java/Java_SpringBoot/apache-tomcat-9.0.80
21-Sep-2023 10:10:30.061 INFO [main] org.apache.catalina.startup.VersionLoggerListener.log Command line argument: -Djava.io.tmpdir=/Users/zyf/Desktop/Programmer/Java/Java_SpringBoot/apache-tomcat-9.0.80/temp
21-Sep-2023 10:10:30.075 INFO [main] org.apache.catalina.core.AprLifecycleListener.lifecycleEvent The Apache Tomcat Native library which allows using OpenSSL was not found on the java.library.path: [/Users/zyf/Library/Java/Extensions:/Library/Java/Extensions:/Network/Library/Java/Extensions:/System/Library/Java/Extensions:/usr/lib/java:.]
21-Sep-2023 10:10:30.649 INFO [main] org.apache.coyote.AbstractProtocol.init Initializing ProtocolHandler ["http-nio-8080"]
21-Sep-2023 10:10:30.686 SEVERE [main] org.apache.catalina.util.LifecycleBase.handleSubClassException Failed to initialize component [Connector["http-nio-8080"]]
	org.apache.catalina.LifecycleException: Protocol handler initialization failed
		at org.apache.catalina.connector.Connector.initInternal(Connector.java:1011)
		at org.apache.catalina.util.LifecycleBase.init(LifecycleBase.java:127)
		at org.apache.catalina.core.StandardService.initInternal(StandardService.java:554)
		at org.apache.catalina.util.LifecycleBase.init(LifecycleBase.java:127)
		at org.apache.catalina.core.StandardServer.initInternal(StandardServer.java:1040)
		at org.apache.catalina.util.LifecycleBase.init(LifecycleBase.java:127)
		at org.apache.catalina.startup.Catalina.load(Catalina.java:724)
		at org.apache.catalina.startup.Catalina.load(Catalina.java:746)
		at java.base/jdk.internal.reflect.NativeMethodAccessorImpl.invoke0(Native Method)
		at java.base/jdk.internal.reflect.NativeMethodAccessorImpl.invoke(NativeMethodAccessorImpl.java:62)
		at java.base/jdk.internal.reflect.DelegatingMethodAccessorImpl.invoke(DelegatingMethodAccessorImpl.java:43)
		at java.base/java.lang.reflect.Method.invoke(Method.java:566)
		at org.apache.catalina.startup.Bootstrap.load(Bootstrap.java:307)
		at org.apache.catalina.startup.Bootstrap.main(Bootstrap.java:477)
	Caused by: java.net.BindException: Address already in use
		at java.base/sun.nio.ch.Net.bind0(Native Method)
		at java.base/sun.nio.ch.Net.bind(Net.java:459)
		at java.base/sun.nio.ch.Net.bind(Net.java:448)
		at java.base/sun.nio.ch.ServerSocketChannelImpl.bind(ServerSocketChannelImpl.java:227)
		at org.apache.tomcat.util.net.NioEndpoint.initServerSocket(NioEndpoint.java:276)
		at org.apache.tomcat.util.net.NioEndpoint.bind(NioEndpoint.java:231)
		at org.apache.tomcat.util.net.AbstractEndpoint.bindWithCleanup(AbstractEndpoint.java:1324)
		at org.apache.tomcat.util.net.AbstractEndpoint.init(AbstractEndpoint.java:1337)
		at org.apache.coyote.AbstractProtocol.init(AbstractProtocol.java:652)
		at org.apache.coyote.http11.AbstractHttp11Protocol.init(AbstractHttp11Protocol.java:75)
		at org.apache.catalina.connector.Connector.initInternal(Connector.java:1009)
		... 13 more
21-Sep-2023 10:10:30.687 INFO [main] org.apache.catalina.startup.Catalina.load Server initialization in [1156] milliseconds
21-Sep-2023 10:10:30.780 INFO [main] org.apache.catalina.core.StandardService.startInternal Starting service [Catalina]
21-Sep-2023 10:10:30.794 INFO [main] org.apache.catalina.core.StandardEngine.startInternal Starting Servlet engine: [Apache Tomcat/9.0.80]
21-Sep-2023 10:10:30.810 INFO [main] org.apache.catalina.startup.HostConfig.deployDirectory Deploying web application directory [/Users/zyf/Desktop/Programmer/Java/Java_SpringBoot/apache-tomcat-9.0.80/webapps/docs]
21-Sep-2023 10:10:31.491 INFO [main] org.apache.catalina.startup.HostConfig.deployDirectory Deployment of web application directory [/Users/zyf/Desktop/Programmer/Java/Java_SpringBoot/apache-tomcat-9.0.80/webapps/docs] has finished in [682] ms
21-Sep-2023 10:10:31.492 INFO [main] org.apache.catalina.startup.HostConfig.deployDirectory Deploying web application directory [/Users/zyf/Desktop/Programmer/Java/Java_SpringBoot/apache-tomcat-9.0.80/webapps/manager]
21-Sep-2023 10:10:31.559 INFO [main] org.apache.catalina.startup.HostConfig.deployDirectory Deployment of web application directory [/Users/zyf/Desktop/Programmer/Java/Java_SpringBoot/apache-tomcat-9.0.80/webapps/manager] has finished in [67] ms
21-Sep-2023 10:10:31.560 INFO [main] org.apache.catalina.startup.HostConfig.deployDirectory Deploying web application directory [/Users/zyf/Desktop/Programmer/Java/Java_SpringBoot/apache-tomcat-9.0.80/webapps/examples]
21-Sep-2023 10:10:32.140 INFO [main] org.apache.catalina.startup.HostConfig.deployDirectory Deployment of web application directory [/Users/zyf/Desktop/Programmer/Java/Java_SpringBoot/apache-tomcat-9.0.80/webapps/examples] has finished in [580] ms
21-Sep-2023 10:10:32.141 INFO [main] org.apache.catalina.startup.HostConfig.deployDirectory Deploying web application directory [/Users/zyf/Desktop/Programmer/Java/Java_SpringBoot/apache-tomcat-9.0.80/webapps/ROOT]
21-Sep-2023 10:10:32.170 INFO [main] org.apache.catalina.startup.HostConfig.deployDirectory Deployment of web application directory [/Users/zyf/Desktop/Programmer/Java/Java_SpringBoot/apache-tomcat-9.0.80/webapps/ROOT] has finished in [29] ms
21-Sep-2023 10:10:32.171 INFO [main] org.apache.catalina.startup.HostConfig.deployDirectory Deploying web application directory [/Users/zyf/Desktop/Programmer/Java/Java_SpringBoot/apache-tomcat-9.0.80/webapps/host-manager]
21-Sep-2023 10:10:32.218 INFO [main] org.apache.catalina.startup.HostConfig.deployDirectory Deployment of web application directory [/Users/zyf/Desktop/Programmer/Java/Java_SpringBoot/apache-tomcat-9.0.80/webapps/host-manager] has finished in [47] ms
21-Sep-2023 10:10:32.230 INFO [main] org.apache.catalina.startup.Catalina.start Server startup in [1542] milliseconds
21-Sep-2023 10:11:25.564 INFO [main] org.apache.catalina.startup.VersionLoggerListener.log Server version name:   Apache Tomcat/9.0.80
21-Sep-2023 10:11:25.568 INFO [main] org.apache.catalina.startup.VersionLoggerListener.log Server built:          Aug 23 2023 21:59:38 UTC
21-Sep-2023 10:11:25.569 INFO [main] org.apache.catalina.startup.VersionLoggerListener.log Server version number: 9.0.80.0
21-Sep-2023 10:11:25.569 INFO [main] org.apache.catalina.startup.VersionLoggerListener.log OS Name:               Mac OS X
21-Sep-2023 10:11:25.569 INFO [main] org.apache.catalina.startup.VersionLoggerListener.log OS Version:            13.5.1
21-Sep-2023 10:11:25.569 INFO [main] org.apache.catalina.startup.VersionLoggerListener.log Architecture:          x86_64
21-Sep-2023 10:11:25.569 INFO [main] org.apache.catalina.startup.VersionLoggerListener.log Java Home:             /Library/Java/JavaVirtualMachines/jdk-11.0.17.jdk/Contents/Home
21-Sep-2023 10:11:25.569 INFO [main] org.apache.catalina.startup.VersionLoggerListener.log JVM Version:           11.0.17+10-LTS-269
21-Sep-2023 10:11:25.569 INFO [main] org.apache.catalina.startup.VersionLoggerListener.log JVM Vendor:            Oracle Corporation
21-Sep-2023 10:11:25.569 INFO [main] org.apache.catalina.startup.VersionLoggerListener.log CATALINA_BASE:         /Users/zyf/Desktop/Programmer/Java/Java_SpringBoot/apache-tomcat-9.0.80
21-Sep-2023 10:11:25.569 INFO [main] org.apache.catalina.startup.VersionLoggerListener.log CATALINA_HOME:         /Users/zyf/Desktop/Programmer/Java/Java_SpringBoot/apache-tomcat-9.0.80
21-Sep-2023 10:11:25.581 INFO [main] org.apache.catalina.startup.VersionLoggerListener.log Command line argument: --add-opens=java.base/java.lang=ALL-UNNAMED
21-Sep-2023 10:11:25.582 INFO [main] org.apache.catalina.startup.VersionLoggerListener.log Command line argument: --add-opens=java.base/java.io=ALL-UNNAMED
21-Sep-2023 10:11:25.582 INFO [main] org.apache.catalina.startup.VersionLoggerListener.log Command line argument: --add-opens=java.base/java.util=ALL-UNNAMED
21-Sep-2023 10:11:25.582 INFO [main] org.apache.catalina.startup.VersionLoggerListener.log Command line argument: --add-opens=java.base/java.util.concurrent=ALL-UNNAMED
21-Sep-2023 10:11:25.582 INFO [main] org.apache.catalina.startup.VersionLoggerListener.log Command line argument: --add-opens=java.rmi/sun.rmi.transport=ALL-UNNAMED
21-Sep-2023 10:11:25.582 INFO [main] org.apache.catalina.startup.VersionLoggerListener.log Command line argument: -Djava.util.logging.config.file=/Users/zyf/Desktop/Programmer/Java/Java_SpringBoot/apache-tomcat-9.0.80/conf/logging.properties
21-Sep-2023 10:11:25.582 INFO [main] org.apache.catalina.startup.VersionLoggerListener.log Command line argument: -Djava.util.logging.manager=org.apache.juli.ClassLoaderLogManager
21-Sep-2023 10:11:25.582 INFO [main] org.apache.catalina.startup.VersionLoggerListener.log Command line argument: -Djdk.tls.ephemeralDHKeySize=2048
21-Sep-2023 10:11:25.582 INFO [main] org.apache.catalina.startup.VersionLoggerListener.log Command line argument: -Djava.protocol.handler.pkgs=org.apache.catalina.webresources
21-Sep-2023 10:11:25.583 INFO [main] org.apache.catalina.startup.VersionLoggerListener.log Command line argument: -Dorg.apache.catalina.security.SecurityListener.UMASK=0027
21-Sep-2023 10:11:25.583 INFO [main] org.apache.catalina.startup.VersionLoggerListener.log Command line argument: -Dignore.endorsed.dirs=
21-Sep-2023 10:11:25.583 INFO [main] org.apache.catalina.startup.VersionLoggerListener.log Command line argument: -Dcatalina.base=/Users/zyf/Desktop/Programmer/Java/Java_SpringBoot/apache-tomcat-9.0.80
21-Sep-2023 10:11:25.583 INFO [main] org.apache.catalina.startup.VersionLoggerListener.log Command line argument: -Dcatalina.home=/Users/zyf/Desktop/Programmer/Java/Java_SpringBoot/apache-tomcat-9.0.80
21-Sep-2023 10:11:25.583 INFO [main] org.apache.catalina.startup.VersionLoggerListener.log Command line argument: -Djava.io.tmpdir=/Users/zyf/Desktop/Programmer/Java/Java_SpringBoot/apache-tomcat-9.0.80/temp
21-Sep-2023 10:11:25.593 INFO [main] org.apache.catalina.core.AprLifecycleListener.lifecycleEvent The Apache Tomcat Native library which allows using OpenSSL was not found on the java.library.path: [/Users/zyf/Library/Java/Extensions:/Library/Java/Extensions:/Network/Library/Java/Extensions:/System/Library/Java/Extensions:/usr/lib/java:.]
21-Sep-2023 10:11:25.940 INFO [main] org.apache.coyote.AbstractProtocol.init Initializing ProtocolHandler ["http-nio-8080"]
21-Sep-2023 10:11:25.966 SEVERE [main] org.apache.catalina.util.LifecycleBase.handleSubClassException Failed to initialize component [Connector["http-nio-8080"]]
	org.apache.catalina.LifecycleException: Protocol handler initialization failed
		at org.apache.catalina.connector.Connector.initInternal(Connector.java:1011)
		at org.apache.catalina.util.LifecycleBase.init(LifecycleBase.java:127)
		at org.apache.catalina.core.StandardService.initInternal(StandardService.java:554)
		at org.apache.catalina.util.LifecycleBase.init(LifecycleBase.java:127)
		at org.apache.catalina.core.StandardServer.initInternal(StandardServer.java:1040)
		at org.apache.catalina.util.LifecycleBase.init(LifecycleBase.java:127)
		at org.apache.catalina.startup.Catalina.load(Catalina.java:724)
		at org.apache.catalina.startup.Catalina.load(Catalina.java:746)
		at java.base/jdk.internal.reflect.NativeMethodAccessorImpl.invoke0(Native Method)
		at java.base/jdk.internal.reflect.NativeMethodAccessorImpl.invoke(NativeMethodAccessorImpl.java:62)
		at java.base/jdk.internal.reflect.DelegatingMethodAccessorImpl.invoke(DelegatingMethodAccessorImpl.java:43)
		at java.base/java.lang.reflect.Method.invoke(Method.java:566)
		at org.apache.catalina.startup.Bootstrap.load(Bootstrap.java:307)
		at org.apache.catalina.startup.Bootstrap.main(Bootstrap.java:477)
	Caused by: java.net.BindException: Address already in use
		at java.base/sun.nio.ch.Net.bind0(Native Method)
		at java.base/sun.nio.ch.Net.bind(Net.java:459)
		at java.base/sun.nio.ch.Net.bind(Net.java:448)
		at java.base/sun.nio.ch.ServerSocketChannelImpl.bind(ServerSocketChannelImpl.java:227)
		at org.apache.tomcat.util.net.NioEndpoint.initServerSocket(NioEndpoint.java:276)
		at org.apache.tomcat.util.net.NioEndpoint.bind(NioEndpoint.java:231)
		at org.apache.tomcat.util.net.AbstractEndpoint.bindWithCleanup(AbstractEndpoint.java:1324)
		at org.apache.tomcat.util.net.AbstractEndpoint.init(AbstractEndpoint.java:1337)
		at org.apache.coyote.AbstractProtocol.init(AbstractProtocol.java:652)
		at org.apache.coyote.http11.AbstractHttp11Protocol.init(AbstractHttp11Protocol.java:75)
		at org.apache.catalina.connector.Connector.initInternal(Connector.java:1009)
		... 13 more
21-Sep-2023 10:11:25.968 INFO [main] org.apache.catalina.startup.Catalina.load Server initialization in [645] milliseconds
21-Sep-2023 10:11:26.029 INFO [main] org.apache.catalina.core.StandardService.startInternal Starting service [Catalina]
21-Sep-2023 10:11:26.030 INFO [main] org.apache.catalina.core.StandardEngine.startInternal Starting Servlet engine: [Apache Tomcat/9.0.80]
21-Sep-2023 10:11:26.042 INFO [main] org.apache.catalina.startup.HostConfig.deployDirectory Deploying web application directory [/Users/zyf/Desktop/Programmer/Java/Java_SpringBoot/apache-tomcat-9.0.80/webapps/docs]
21-Sep-2023 10:11:26.362 INFO [main] org.apache.catalina.startup.HostConfig.deployDirectory Deployment of web application directory [/Users/zyf/Desktop/Programmer/Java/Java_SpringBoot/apache-tomcat-9.0.80/webapps/docs] has finished in [320] ms
21-Sep-2023 10:11:26.362 INFO [main] org.apache.catalina.startup.HostConfig.deployDirectory Deploying web application directory [/Users/zyf/Desktop/Programmer/Java/Java_SpringBoot/apache-tomcat-9.0.80/webapps/manager]
21-Sep-2023 10:11:26.396 INFO [main] org.apache.catalina.startup.HostConfig.deployDirectory Deployment of web application directory [/Users/zyf/Desktop/Programmer/Java/Java_SpringBoot/apache-tomcat-9.0.80/webapps/manager] has finished in [34] ms
21-Sep-2023 10:11:26.396 INFO [main] org.apache.catalina.startup.HostConfig.deployDirectory Deploying web application directory [/Users/zyf/Desktop/Programmer/Java/Java_SpringBoot/apache-tomcat-9.0.80/webapps/examples]
21-Sep-2023 10:11:26.691 INFO [main] org.apache.catalina.startup.HostConfig.deployDirectory Deployment of web application directory [/Users/zyf/Desktop/Programmer/Java/Java_SpringBoot/apache-tomcat-9.0.80/webapps/examples] has finished in [295] ms
21-Sep-2023 10:11:26.691 INFO [main] org.apache.catalina.startup.HostConfig.deployDirectory Deploying web application directory [/Users/zyf/Desktop/Programmer/Java/Java_SpringBoot/apache-tomcat-9.0.80/webapps/ROOT]
21-Sep-2023 10:11:26.712 INFO [main] org.apache.catalina.startup.HostConfig.deployDirectory Deployment of web application directory [/Users/zyf/Desktop/Programmer/Java/Java_SpringBoot/apache-tomcat-9.0.80/webapps/ROOT] has finished in [20] ms
21-Sep-2023 10:11:26.712 INFO [main] org.apache.catalina.startup.HostConfig.deployDirectory Deploying web application directory [/Users/zyf/Desktop/Programmer/Java/Java_SpringBoot/apache-tomcat-9.0.80/webapps/host-manager]
21-Sep-2023 10:11:26.735 INFO [main] org.apache.catalina.startup.HostConfig.deployDirectory Deployment of web application directory [/Users/zyf/Desktop/Programmer/Java/Java_SpringBoot/apache-tomcat-9.0.80/webapps/host-manager] has finished in [23] ms
21-Sep-2023 10:11:26.742 INFO [main] org.apache.catalina.startup.Catalina.start Server startup in [773] milliseconds
21-Sep-2023 10:11:26.747 SEVERE [main] org.apache.catalina.core.StandardServer.await Failed to create server shutdown socket on address [localhost] and port [8005] (base port [8005] and offset [0])
	java.net.BindException: Address already in use (Bind failed)
		at java.base/java.net.PlainSocketImpl.socketBind(Native Method)
		at java.base/java.net.AbstractPlainSocketImpl.bind(AbstractPlainSocketImpl.java:452)
		at java.base/java.net.ServerSocket.bind(ServerSocket.java:381)
		at java.base/java.net.ServerSocket.<init>(ServerSocket.java:243)
		at org.apache.catalina.core.StandardServer.await(StandardServer.java:582)
		at org.apache.catalina.startup.Catalina.await(Catalina.java:864)
		at org.apache.catalina.startup.Catalina.start(Catalina.java:810)
		at java.base/jdk.internal.reflect.NativeMethodAccessorImpl.invoke0(Native Method)
		at java.base/jdk.internal.reflect.NativeMethodAccessorImpl.invoke(NativeMethodAccessorImpl.java:62)
		at java.base/jdk.internal.reflect.DelegatingMethodAccessorImpl.invoke(DelegatingMethodAccessorImpl.java:43)
		at java.base/java.lang.reflect.Method.invoke(Method.java:566)
		at org.apache.catalina.startup.Bootstrap.start(Bootstrap.java:347)
		at org.apache.catalina.startup.Bootstrap.main(Bootstrap.java:478)
21-Sep-2023 10:11:26.748 INFO [main] org.apache.coyote.AbstractProtocol.pause Pausing ProtocolHandler ["http-nio-8080"]
21-Sep-2023 10:11:26.748 INFO [main] org.apache.catalina.core.StandardService.stopInternal Stopping service [Catalina]
21-Sep-2023 10:11:26.770 INFO [main] org.apache.coyote.AbstractProtocol.stop Stopping ProtocolHandler ["http-nio-8080"]
21-Sep-2023 10:11:26.771 INFO [main] org.apache.coyote.AbstractProtocol.destroy Destroying ProtocolHandler ["http-nio-8080"]
21-Sep-2023 10:11:37.574 INFO [main] org.apache.catalina.core.StandardServer.await A valid shutdown command was received via the shutdown port. Stopping the Server instance.
21-Sep-2023 10:11:37.575 INFO [main] org.apache.coyote.AbstractProtocol.pause Pausing ProtocolHandler ["http-nio-8080"]
21-Sep-2023 10:11:37.575 INFO [main] org.apache.catalina.core.StandardService.stopInternal Stopping service [Catalina]
21-Sep-2023 10:11:37.602 INFO [main] org.apache.coyote.AbstractProtocol.stop Stopping ProtocolHandler ["http-nio-8080"]
21-Sep-2023 10:11:37.604 INFO [main] org.apache.coyote.AbstractProtocol.destroy Destroying ProtocolHandler ["http-nio-8080"]
21-Sep-2023 10:11:57.669 INFO [main] org.apache.catalina.startup.VersionLoggerListener.log Server version name:   Apache Tomcat/9.0.80
21-Sep-2023 10:11:57.674 INFO [main] org.apache.catalina.startup.VersionLoggerListener.log Server built:          Aug 23 2023 21:59:38 UTC
21-Sep-2023 10:11:57.674 INFO [main] org.apache.catalina.startup.VersionLoggerListener.log Server version number: 9.0.80.0
21-Sep-2023 10:11:57.674 INFO [main] org.apache.catalina.startup.VersionLoggerListener.log OS Name:               Mac OS X
21-Sep-2023 10:11:57.674 INFO [main] org.apache.catalina.startup.VersionLoggerListener.log OS Version:            13.5.1
21-Sep-2023 10:11:57.675 INFO [main] org.apache.catalina.startup.VersionLoggerListener.log Architecture:          x86_64
21-Sep-2023 10:11:57.675 INFO [main] org.apache.catalina.startup.VersionLoggerListener.log Java Home:             /Library/Java/JavaVirtualMachines/jdk-11.0.17.jdk/Contents/Home
21-Sep-2023 10:11:57.675 INFO [main] org.apache.catalina.startup.VersionLoggerListener.log JVM Version:           11.0.17+10-LTS-269
21-Sep-2023 10:11:57.675 INFO [main] org.apache.catalina.startup.VersionLoggerListener.log JVM Vendor:            Oracle Corporation
21-Sep-2023 10:11:57.675 INFO [main] org.apache.catalina.startup.VersionLoggerListener.log CATALINA_BASE:         /Users/zyf/Desktop/Programmer/Java/Java_SpringBoot/apache-tomcat-9.0.80
21-Sep-2023 10:11:57.675 INFO [main] org.apache.catalina.startup.VersionLoggerListener.log CATALINA_HOME:         /Users/zyf/Desktop/Programmer/Java/Java_SpringBoot/apache-tomcat-9.0.80
21-Sep-2023 10:11:57.689 INFO [main] org.apache.catalina.startup.VersionLoggerListener.log Command line argument: --add-opens=java.base/java.lang=ALL-UNNAMED
21-Sep-2023 10:11:57.689 INFO [main] org.apache.catalina.startup.VersionLoggerListener.log Command line argument: --add-opens=java.base/java.io=ALL-UNNAMED
21-Sep-2023 10:11:57.689 INFO [main] org.apache.catalina.startup.VersionLoggerListener.log Command line argument: --add-opens=java.base/java.util=ALL-UNNAMED
21-Sep-2023 10:11:57.689 INFO [main] org.apache.catalina.startup.VersionLoggerListener.log Command line argument: --add-opens=java.base/java.util.concurrent=ALL-UNNAMED
21-Sep-2023 10:11:57.689 INFO [main] org.apache.catalina.startup.VersionLoggerListener.log Command line argument: --add-opens=java.rmi/sun.rmi.transport=ALL-UNNAMED
21-Sep-2023 10:11:57.689 INFO [main] org.apache.catalina.startup.VersionLoggerListener.log Command line argument: -Djava.util.logging.config.file=/Users/zyf/Desktop/Programmer/Java/Java_SpringBoot/apache-tomcat-9.0.80/conf/logging.properties
21-Sep-2023 10:11:57.690 INFO [main] org.apache.catalina.startup.VersionLoggerListener.log Command line argument: -Djava.util.logging.manager=org.apache.juli.ClassLoaderLogManager
21-Sep-2023 10:11:57.690 INFO [main] org.apache.catalina.startup.VersionLoggerListener.log Command line argument: -Djdk.tls.ephemeralDHKeySize=2048
21-Sep-2023 10:11:57.690 INFO [main] org.apache.catalina.startup.VersionLoggerListener.log Command line argument: -Djava.protocol.handler.pkgs=org.apache.catalina.webresources
21-Sep-2023 10:11:57.690 INFO [main] org.apache.catalina.startup.VersionLoggerListener.log Command line argument: -Dorg.apache.catalina.security.SecurityListener.UMASK=0027
21-Sep-2023 10:11:57.690 INFO [main] org.apache.catalina.startup.VersionLoggerListener.log Command line argument: -Dignore.endorsed.dirs=
21-Sep-2023 10:11:57.690 INFO [main] org.apache.catalina.startup.VersionLoggerListener.log Command line argument: -Dcatalina.base=/Users/zyf/Desktop/Programmer/Java/Java_SpringBoot/apache-tomcat-9.0.80
21-Sep-2023 10:11:57.690 INFO [main] org.apache.catalina.startup.VersionLoggerListener.log Command line argument: -Dcatalina.home=/Users/zyf/Desktop/Programmer/Java/Java_SpringBoot/apache-tomcat-9.0.80
21-Sep-2023 10:11:57.690 INFO [main] org.apache.catalina.startup.VersionLoggerListener.log Command line argument: -Djava.io.tmpdir=/Users/zyf/Desktop/Programmer/Java/Java_SpringBoot/apache-tomcat-9.0.80/temp
21-Sep-2023 10:11:57.700 INFO [main] org.apache.catalina.core.AprLifecycleListener.lifecycleEvent The Apache Tomcat Native library which allows using OpenSSL was not found on the java.library.path: [/Users/zyf/Library/Java/Extensions:/Library/Java/Extensions:/Network/Library/Java/Extensions:/System/Library/Java/Extensions:/usr/lib/java:.]
21-Sep-2023 10:11:58.038 INFO [main] org.apache.coyote.AbstractProtocol.init Initializing ProtocolHandler ["http-nio-8080"]
21-Sep-2023 10:11:58.067 SEVERE [main] org.apache.catalina.util.LifecycleBase.handleSubClassException Failed to initialize component [Connector["http-nio-8080"]]
	org.apache.catalina.LifecycleException: Protocol handler initialization failed
		at org.apache.catalina.connector.Connector.initInternal(Connector.java:1011)
		at org.apache.catalina.util.LifecycleBase.init(LifecycleBase.java:127)
		at org.apache.catalina.core.StandardService.initInternal(StandardService.java:554)
		at org.apache.catalina.util.LifecycleBase.init(LifecycleBase.java:127)
		at org.apache.catalina.core.StandardServer.initInternal(StandardServer.java:1040)
		at org.apache.catalina.util.LifecycleBase.init(LifecycleBase.java:127)
		at org.apache.catalina.startup.Catalina.load(Catalina.java:724)
		at org.apache.catalina.startup.Catalina.load(Catalina.java:746)
		at java.base/jdk.internal.reflect.NativeMethodAccessorImpl.invoke0(Native Method)
		at java.base/jdk.internal.reflect.NativeMethodAccessorImpl.invoke(NativeMethodAccessorImpl.java:62)
		at java.base/jdk.internal.reflect.DelegatingMethodAccessorImpl.invoke(DelegatingMethodAccessorImpl.java:43)
		at java.base/java.lang.reflect.Method.invoke(Method.java:566)
		at org.apache.catalina.startup.Bootstrap.load(Bootstrap.java:307)
		at org.apache.catalina.startup.Bootstrap.main(Bootstrap.java:477)
	Caused by: java.net.BindException: Address already in use
		at java.base/sun.nio.ch.Net.bind0(Native Method)
		at java.base/sun.nio.ch.Net.bind(Net.java:459)
		at java.base/sun.nio.ch.Net.bind(Net.java:448)
		at java.base/sun.nio.ch.ServerSocketChannelImpl.bind(ServerSocketChannelImpl.java:227)
		at org.apache.tomcat.util.net.NioEndpoint.initServerSocket(NioEndpoint.java:276)
		at org.apache.tomcat.util.net.NioEndpoint.bind(NioEndpoint.java:231)
		at org.apache.tomcat.util.net.AbstractEndpoint.bindWithCleanup(AbstractEndpoint.java:1324)
		at org.apache.tomcat.util.net.AbstractEndpoint.init(AbstractEndpoint.java:1337)
		at org.apache.coyote.AbstractProtocol.init(AbstractProtocol.java:652)
		at org.apache.coyote.http11.AbstractHttp11Protocol.init(AbstractHttp11Protocol.java:75)
		at org.apache.catalina.connector.Connector.initInternal(Connector.java:1009)
		... 13 more
21-Sep-2023 10:11:58.070 INFO [main] org.apache.catalina.startup.Catalina.load Server initialization in [651] milliseconds
21-Sep-2023 10:11:58.134 INFO [main] org.apache.catalina.core.StandardService.startInternal Starting service [Catalina]
21-Sep-2023 10:11:58.134 INFO [main] org.apache.catalina.core.StandardEngine.startInternal Starting Servlet engine: [Apache Tomcat/9.0.80]
21-Sep-2023 10:11:58.145 INFO [main] org.apache.catalina.startup.HostConfig.deployDirectory Deploying web application directory [/Users/zyf/Desktop/Programmer/Java/Java_SpringBoot/apache-tomcat-9.0.80/webapps/docs]
21-Sep-2023 10:11:58.449 INFO [main] org.apache.catalina.startup.HostConfig.deployDirectory Deployment of web application directory [/Users/zyf/Desktop/Programmer/Java/Java_SpringBoot/apache-tomcat-9.0.80/webapps/docs] has finished in [303] ms
21-Sep-2023 10:11:58.449 INFO [main] org.apache.catalina.startup.HostConfig.deployDirectory Deploying web application directory [/Users/zyf/Desktop/Programmer/Java/Java_SpringBoot/apache-tomcat-9.0.80/webapps/manager]
21-Sep-2023 10:11:58.481 INFO [main] org.apache.catalina.startup.HostConfig.deployDirectory Deployment of web application directory [/Users/zyf/Desktop/Programmer/Java/Java_SpringBoot/apache-tomcat-9.0.80/webapps/manager] has finished in [32] ms
21-Sep-2023 10:11:58.481 INFO [main] org.apache.catalina.startup.HostConfig.deployDirectory Deploying web application directory [/Users/zyf/Desktop/Programmer/Java/Java_SpringBoot/apache-tomcat-9.0.80/webapps/examples]
21-Sep-2023 10:11:58.756 INFO [main] org.apache.catalina.startup.HostConfig.deployDirectory Deployment of web application directory [/Users/zyf/Desktop/Programmer/Java/Java_SpringBoot/apache-tomcat-9.0.80/webapps/examples] has finished in [274] ms
21-Sep-2023 10:11:58.756 INFO [main] org.apache.catalina.startup.HostConfig.deployDirectory Deploying web application directory [/Users/zyf/Desktop/Programmer/Java/Java_SpringBoot/apache-tomcat-9.0.80/webapps/ROOT]
21-Sep-2023 10:11:58.775 INFO [main] org.apache.catalina.startup.HostConfig.deployDirectory Deployment of web application directory [/Users/zyf/Desktop/Programmer/Java/Java_SpringBoot/apache-tomcat-9.0.80/webapps/ROOT] has finished in [19] ms
21-Sep-2023 10:11:58.776 INFO [main] org.apache.catalina.startup.HostConfig.deployDirectory Deploying web application directory [/Users/zyf/Desktop/Programmer/Java/Java_SpringBoot/apache-tomcat-9.0.80/webapps/host-manager]
21-Sep-2023 10:11:58.794 INFO [main] org.apache.catalina.startup.HostConfig.deployDirectory Deployment of web application directory [/Users/zyf/Desktop/Programmer/Java/Java_SpringBoot/apache-tomcat-9.0.80/webapps/host-manager] has finished in [17] ms
21-Sep-2023 10:11:58.800 INFO [main] org.apache.catalina.startup.Catalina.start Server startup in [728] milliseconds
21-Sep-2023 10:13:21.087 INFO [main] org.apache.catalina.core.StandardServer.await A valid shutdown command was received via the shutdown port. Stopping the Server instance.
21-Sep-2023 10:13:21.088 INFO [main] org.apache.coyote.AbstractProtocol.pause Pausing ProtocolHandler ["http-nio-8080"]
21-Sep-2023 10:13:21.088 INFO [main] org.apache.catalina.core.StandardService.stopInternal Stopping service [Catalina]
21-Sep-2023 10:13:21.117 INFO [main] org.apache.coyote.AbstractProtocol.stop Stopping ProtocolHandler ["http-nio-8080"]
21-Sep-2023 10:13:21.120 INFO [main] org.apache.coyote.AbstractProtocol.destroy Destroying ProtocolHandler ["http-nio-8080"]
21-Sep-2023 10:13:22.908 INFO [main] org.apache.catalina.startup.VersionLoggerListener.log Server version name:   Apache Tomcat/9.0.80
21-Sep-2023 10:13:22.911 INFO [main] org.apache.catalina.startup.VersionLoggerListener.log Server built:          Aug 23 2023 21:59:38 UTC
21-Sep-2023 10:13:22.911 INFO [main] org.apache.catalina.startup.VersionLoggerListener.log Server version number: 9.0.80.0
21-Sep-2023 10:13:22.912 INFO [main] org.apache.catalina.startup.VersionLoggerListener.log OS Name:               Mac OS X
21-Sep-2023 10:13:22.912 INFO [main] org.apache.catalina.startup.VersionLoggerListener.log OS Version:            13.5.1
21-Sep-2023 10:13:22.912 INFO [main] org.apache.catalina.startup.VersionLoggerListener.log Architecture:          x86_64
21-Sep-2023 10:13:22.912 INFO [main] org.apache.catalina.startup.VersionLoggerListener.log Java Home:             /Library/Java/JavaVirtualMachines/jdk-11.0.17.jdk/Contents/Home
21-Sep-2023 10:13:22.912 INFO [main] org.apache.catalina.startup.VersionLoggerListener.log JVM Version:           11.0.17+10-LTS-269
21-Sep-2023 10:13:22.912 INFO [main] org.apache.catalina.startup.VersionLoggerListener.log JVM Vendor:            Oracle Corporation
21-Sep-2023 10:13:22.912 INFO [main] org.apache.catalina.startup.VersionLoggerListener.log CATALINA_BASE:         /Users/zyf/Desktop/Programmer/Java/Java_SpringBoot/apache-tomcat-9.0.80
21-Sep-2023 10:13:22.912 INFO [main] org.apache.catalina.startup.VersionLoggerListener.log CATALINA_HOME:         /Users/zyf/Desktop/Programmer/Java/Java_SpringBoot/apache-tomcat-9.0.80
21-Sep-2023 10:13:22.925 INFO [main] org.apache.catalina.startup.VersionLoggerListener.log Command line argument: --add-opens=java.base/java.lang=ALL-UNNAMED
21-Sep-2023 10:13:22.926 INFO [main] org.apache.catalina.startup.VersionLoggerListener.log Command line argument: --add-opens=java.base/java.io=ALL-UNNAMED
21-Sep-2023 10:13:22.926 INFO [main] org.apache.catalina.startup.VersionLoggerListener.log Command line argument: --add-opens=java.base/java.util=ALL-UNNAMED
21-Sep-2023 10:13:22.926 INFO [main] org.apache.catalina.startup.VersionLoggerListener.log Command line argument: --add-opens=java.base/java.util.concurrent=ALL-UNNAMED
21-Sep-2023 10:13:22.926 INFO [main] org.apache.catalina.startup.VersionLoggerListener.log Command line argument: --add-opens=java.rmi/sun.rmi.transport=ALL-UNNAMED
21-Sep-2023 10:13:22.926 INFO [main] org.apache.catalina.startup.VersionLoggerListener.log Command line argument: -Djava.util.logging.config.file=/Users/zyf/Desktop/Programmer/Java/Java_SpringBoot/apache-tomcat-9.0.80/conf/logging.properties
21-Sep-2023 10:13:22.927 INFO [main] org.apache.catalina.startup.VersionLoggerListener.log Command line argument: -Djava.util.logging.manager=org.apache.juli.ClassLoaderLogManager
21-Sep-2023 10:13:22.927 INFO [main] org.apache.catalina.startup.VersionLoggerListener.log Command line argument: -Djdk.tls.ephemeralDHKeySize=2048
21-Sep-2023 10:13:22.927 INFO [main] org.apache.catalina.startup.VersionLoggerListener.log Command line argument: -Djava.protocol.handler.pkgs=org.apache.catalina.webresources
21-Sep-2023 10:13:22.927 INFO [main] org.apache.catalina.startup.VersionLoggerListener.log Command line argument: -Dorg.apache.catalina.security.SecurityListener.UMASK=0027
21-Sep-2023 10:13:22.927 INFO [main] org.apache.catalina.startup.VersionLoggerListener.log Command line argument: -Dignore.endorsed.dirs=
21-Sep-2023 10:13:22.927 INFO [main] org.apache.catalina.startup.VersionLoggerListener.log Command line argument: -Dcatalina.base=/Users/zyf/Desktop/Programmer/Java/Java_SpringBoot/apache-tomcat-9.0.80
21-Sep-2023 10:13:22.927 INFO [main] org.apache.catalina.startup.VersionLoggerListener.log Command line argument: -Dcatalina.home=/Users/zyf/Desktop/Programmer/Java/Java_SpringBoot/apache-tomcat-9.0.80
21-Sep-2023 10:13:22.928 INFO [main] org.apache.catalina.startup.VersionLoggerListener.log Command line argument: -Djava.io.tmpdir=/Users/zyf/Desktop/Programmer/Java/Java_SpringBoot/apache-tomcat-9.0.80/temp
21-Sep-2023 10:13:22.937 INFO [main] org.apache.catalina.core.AprLifecycleListener.lifecycleEvent The Apache Tomcat Native library which allows using OpenSSL was not found on the java.library.path: [/Users/zyf/Library/Java/Extensions:/Library/Java/Extensions:/Network/Library/Java/Extensions:/System/Library/Java/Extensions:/usr/lib/java:.]
21-Sep-2023 10:13:23.288 INFO [main] org.apache.coyote.AbstractProtocol.init Initializing ProtocolHandler ["http-nio-8080"]
21-Sep-2023 10:13:23.312 SEVERE [main] org.apache.catalina.util.LifecycleBase.handleSubClassException Failed to initialize component [Connector["http-nio-8080"]]
	org.apache.catalina.LifecycleException: Protocol handler initialization failed
		at org.apache.catalina.connector.Connector.initInternal(Connector.java:1011)
		at org.apache.catalina.util.LifecycleBase.init(LifecycleBase.java:127)
		at org.apache.catalina.core.StandardService.initInternal(StandardService.java:554)
		at org.apache.catalina.util.LifecycleBase.init(LifecycleBase.java:127)
		at org.apache.catalina.core.StandardServer.initInternal(StandardServer.java:1040)
		at org.apache.catalina.util.LifecycleBase.init(LifecycleBase.java:127)
		at org.apache.catalina.startup.Catalina.load(Catalina.java:724)
		at org.apache.catalina.startup.Catalina.load(Catalina.java:746)
		at java.base/jdk.internal.reflect.NativeMethodAccessorImpl.invoke0(Native Method)
		at java.base/jdk.internal.reflect.NativeMethodAccessorImpl.invoke(NativeMethodAccessorImpl.java:62)
		at java.base/jdk.internal.reflect.DelegatingMethodAccessorImpl.invoke(DelegatingMethodAccessorImpl.java:43)
		at java.base/java.lang.reflect.Method.invoke(Method.java:566)
		at org.apache.catalina.startup.Bootstrap.load(Bootstrap.java:307)
		at org.apache.catalina.startup.Bootstrap.main(Bootstrap.java:477)
	Caused by: java.net.BindException: Address already in use
		at java.base/sun.nio.ch.Net.bind0(Native Method)
		at java.base/sun.nio.ch.Net.bind(Net.java:459)
		at java.base/sun.nio.ch.Net.bind(Net.java:448)
		at java.base/sun.nio.ch.ServerSocketChannelImpl.bind(ServerSocketChannelImpl.java:227)
		at org.apache.tomcat.util.net.NioEndpoint.initServerSocket(NioEndpoint.java:276)
		at org.apache.tomcat.util.net.NioEndpoint.bind(NioEndpoint.java:231)
		at org.apache.tomcat.util.net.AbstractEndpoint.bindWithCleanup(AbstractEndpoint.java:1324)
		at org.apache.tomcat.util.net.AbstractEndpoint.init(AbstractEndpoint.java:1337)
		at org.apache.coyote.AbstractProtocol.init(AbstractProtocol.java:652)
		at org.apache.coyote.http11.AbstractHttp11Protocol.init(AbstractHttp11Protocol.java:75)
		at org.apache.catalina.connector.Connector.initInternal(Connector.java:1009)
		... 13 more
21-Sep-2023 10:13:23.330 INFO [main] org.apache.catalina.startup.Catalina.load Server initialization in [652] milliseconds
21-Sep-2023 10:13:23.429 INFO [main] org.apache.catalina.core.StandardService.startInternal Starting service [Catalina]
21-Sep-2023 10:13:23.429 INFO [main] org.apache.catalina.core.StandardEngine.startInternal Starting Servlet engine: [Apache Tomcat/9.0.80]
21-Sep-2023 10:13:23.446 INFO [main] org.apache.catalina.startup.HostConfig.deployDirectory Deploying web application directory [/Users/zyf/Desktop/Programmer/Java/Java_SpringBoot/apache-tomcat-9.0.80/webapps/docs]
21-Sep-2023 10:13:23.878 INFO [main] org.apache.catalina.startup.HostConfig.deployDirectory Deployment of web application directory [/Users/zyf/Desktop/Programmer/Java/Java_SpringBoot/apache-tomcat-9.0.80/webapps/docs] has finished in [431] ms
21-Sep-2023 10:13:23.878 INFO [main] org.apache.catalina.startup.HostConfig.deployDirectory Deploying web application directory [/Users/zyf/Desktop/Programmer/Java/Java_SpringBoot/apache-tomcat-9.0.80/webapps/manager]
21-Sep-2023 10:13:23.925 INFO [main] org.apache.catalina.startup.HostConfig.deployDirectory Deployment of web application directory [/Users/zyf/Desktop/Programmer/Java/Java_SpringBoot/apache-tomcat-9.0.80/webapps/manager] has finished in [46] ms
21-Sep-2023 10:13:23.925 INFO [main] org.apache.catalina.startup.HostConfig.deployDirectory Deploying web application directory [/Users/zyf/Desktop/Programmer/Java/Java_SpringBoot/apache-tomcat-9.0.80/webapps/examples]
21-Sep-2023 10:13:24.318 INFO [main] org.apache.catalina.startup.HostConfig.deployDirectory Deployment of web application directory [/Users/zyf/Desktop/Programmer/Java/Java_SpringBoot/apache-tomcat-9.0.80/webapps/examples] has finished in [393] ms
21-Sep-2023 10:13:24.318 INFO [main] org.apache.catalina.startup.HostConfig.deployDirectory Deploying web application directory [/Users/zyf/Desktop/Programmer/Java/Java_SpringBoot/apache-tomcat-9.0.80/webapps/ROOT]
21-Sep-2023 10:13:24.343 INFO [main] org.apache.catalina.startup.HostConfig.deployDirectory Deployment of web application directory [/Users/zyf/Desktop/Programmer/Java/Java_SpringBoot/apache-tomcat-9.0.80/webapps/ROOT] has finished in [25] ms
21-Sep-2023 10:13:24.344 INFO [main] org.apache.catalina.startup.HostConfig.deployDirectory Deploying web application directory [/Users/zyf/Desktop/Programmer/Java/Java_SpringBoot/apache-tomcat-9.0.80/webapps/host-manager]
21-Sep-2023 10:13:24.376 INFO [main] org.apache.catalina.startup.HostConfig.deployDirectory Deployment of web application directory [/Users/zyf/Desktop/Programmer/Java/Java_SpringBoot/apache-tomcat-9.0.80/webapps/host-manager] has finished in [32] ms
21-Sep-2023 10:13:24.386 INFO [main] org.apache.catalina.startup.Catalina.start Server startup in [1055] milliseconds
21-Sep-2023 10:14:32.728 INFO [main] org.apache.catalina.core.StandardServer.await A valid shutdown command was received via the shutdown port. Stopping the Server instance.
21-Sep-2023 10:14:32.729 INFO [main] org.apache.coyote.AbstractProtocol.pause Pausing ProtocolHandler ["http-nio-8080"]
21-Sep-2023 10:14:32.730 INFO [main] org.apache.catalina.core.StandardService.stopInternal Stopping service [Catalina]
21-Sep-2023 10:14:32.764 INFO [main] org.apache.coyote.AbstractProtocol.stop Stopping ProtocolHandler ["http-nio-8080"]
21-Sep-2023 10:14:32.766 INFO [main] org.apache.coyote.AbstractProtocol.destroy Destroying ProtocolHandler ["http-nio-8080"]
21-Sep-2023 10:14:34.178 INFO [main] org.apache.catalina.startup.VersionLoggerListener.log Server version name:   Apache Tomcat/9.0.80
21-Sep-2023 10:14:34.182 INFO [main] org.apache.catalina.startup.VersionLoggerListener.log Server built:          Aug 23 2023 21:59:38 UTC
21-Sep-2023 10:14:34.182 INFO [main] org.apache.catalina.startup.VersionLoggerListener.log Server version number: 9.0.80.0
21-Sep-2023 10:14:34.182 INFO [main] org.apache.catalina.startup.VersionLoggerListener.log OS Name:               Mac OS X
21-Sep-2023 10:14:34.182 INFO [main] org.apache.catalina.startup.VersionLoggerListener.log OS Version:            13.5.1
21-Sep-2023 10:14:34.182 INFO [main] org.apache.catalina.startup.VersionLoggerListener.log Architecture:          x86_64
21-Sep-2023 10:14:34.182 INFO [main] org.apache.catalina.startup.VersionLoggerListener.log Java Home:             /Library/Java/JavaVirtualMachines/jdk-11.0.17.jdk/Contents/Home
21-Sep-2023 10:14:34.183 INFO [main] org.apache.catalina.startup.VersionLoggerListener.log JVM Version:           11.0.17+10-LTS-269
21-Sep-2023 10:14:34.183 INFO [main] org.apache.catalina.startup.VersionLoggerListener.log JVM Vendor:            Oracle Corporation
21-Sep-2023 10:14:34.183 INFO [main] org.apache.catalina.startup.VersionLoggerListener.log CATALINA_BASE:         /Users/zyf/Desktop/Programmer/Java/Java_SpringBoot/apache-tomcat-9.0.80
21-Sep-2023 10:14:34.183 INFO [main] org.apache.catalina.startup.VersionLoggerListener.log CATALINA_HOME:         /Users/zyf/Desktop/Programmer/Java/Java_SpringBoot/apache-tomcat-9.0.80
21-Sep-2023 10:14:34.200 INFO [main] org.apache.catalina.startup.VersionLoggerListener.log Command line argument: --add-opens=java.base/java.lang=ALL-UNNAMED
21-Sep-2023 10:14:34.200 INFO [main] org.apache.catalina.startup.VersionLoggerListener.log Command line argument: --add-opens=java.base/java.io=ALL-UNNAMED
21-Sep-2023 10:14:34.201 INFO [main] org.apache.catalina.startup.VersionLoggerListener.log Command line argument: --add-opens=java.base/java.util=ALL-UNNAMED
21-Sep-2023 10:14:34.201 INFO [main] org.apache.catalina.startup.VersionLoggerListener.log Command line argument: --add-opens=java.base/java.util.concurrent=ALL-UNNAMED
21-Sep-2023 10:14:34.201 INFO [main] org.apache.catalina.startup.VersionLoggerListener.log Command line argument: --add-opens=java.rmi/sun.rmi.transport=ALL-UNNAMED
21-Sep-2023 10:14:34.201 INFO [main] org.apache.catalina.startup.VersionLoggerListener.log Command line argument: -Djava.util.logging.config.file=/Users/zyf/Desktop/Programmer/Java/Java_SpringBoot/apache-tomcat-9.0.80/conf/logging.properties
21-Sep-2023 10:14:34.202 INFO [main] org.apache.catalina.startup.VersionLoggerListener.log Command line argument: -Djava.util.logging.manager=org.apache.juli.ClassLoaderLogManager
21-Sep-2023 10:14:34.202 INFO [main] org.apache.catalina.startup.VersionLoggerListener.log Command line argument: -Djdk.tls.ephemeralDHKeySize=2048
21-Sep-2023 10:14:34.202 INFO [main] org.apache.catalina.startup.VersionLoggerListener.log Command line argument: -Djava.protocol.handler.pkgs=org.apache.catalina.webresources
21-Sep-2023 10:14:34.202 INFO [main] org.apache.catalina.startup.VersionLoggerListener.log Command line argument: -Dorg.apache.catalina.security.SecurityListener.UMASK=0027
21-Sep-2023 10:14:34.202 INFO [main] org.apache.catalina.startup.VersionLoggerListener.log Command line argument: -Dignore.endorsed.dirs=
21-Sep-2023 10:14:34.202 INFO [main] org.apache.catalina.startup.VersionLoggerListener.log Command line argument: -Dcatalina.base=/Users/zyf/Desktop/Programmer/Java/Java_SpringBoot/apache-tomcat-9.0.80
21-Sep-2023 10:14:34.204 INFO [main] org.apache.catalina.startup.VersionLoggerListener.log Command line argument: -Dcatalina.home=/Users/zyf/Desktop/Programmer/Java/Java_SpringBoot/apache-tomcat-9.0.80
21-Sep-2023 10:14:34.205 INFO [main] org.apache.catalina.startup.VersionLoggerListener.log Command line argument: -Djava.io.tmpdir=/Users/zyf/Desktop/Programmer/Java/Java_SpringBoot/apache-tomcat-9.0.80/temp
21-Sep-2023 10:14:34.220 INFO [main] org.apache.catalina.core.AprLifecycleListener.lifecycleEvent The Apache Tomcat Native library which allows using OpenSSL was not found on the java.library.path: [/Users/zyf/Library/Java/Extensions:/Library/Java/Extensions:/Network/Library/Java/Extensions:/System/Library/Java/Extensions:/usr/lib/java:.]
21-Sep-2023 10:14:34.574 INFO [main] org.apache.coyote.AbstractProtocol.init Initializing ProtocolHandler ["http-nio-8080"]
21-Sep-2023 10:14:34.612 INFO [main] org.apache.catalina.startup.Catalina.load Server initialization in [652] milliseconds
21-Sep-2023 10:14:34.685 INFO [main] org.apache.catalina.core.StandardService.startInternal Starting service [Catalina]
21-Sep-2023 10:14:34.685 INFO [main] org.apache.catalina.core.StandardEngine.startInternal Starting Servlet engine: [Apache Tomcat/9.0.80]
21-Sep-2023 10:14:34.697 INFO [main] org.apache.catalina.startup.HostConfig.deployDirectory Deploying web application directory [/Users/zyf/Desktop/Programmer/Java/Java_SpringBoot/apache-tomcat-9.0.80/webapps/docs]
21-Sep-2023 10:14:35.023 INFO [main] org.apache.catalina.startup.HostConfig.deployDirectory Deployment of web application directory [/Users/zyf/Desktop/Programmer/Java/Java_SpringBoot/apache-tomcat-9.0.80/webapps/docs] has finished in [325] ms
21-Sep-2023 10:14:35.024 INFO [main] org.apache.catalina.startup.HostConfig.deployDirectory Deploying web application directory [/Users/zyf/Desktop/Programmer/Java/Java_SpringBoot/apache-tomcat-9.0.80/webapps/manager]
21-Sep-2023 10:14:35.061 INFO [main] org.apache.catalina.startup.HostConfig.deployDirectory Deployment of web application directory [/Users/zyf/Desktop/Programmer/Java/Java_SpringBoot/apache-tomcat-9.0.80/webapps/manager] has finished in [37] ms
21-Sep-2023 10:14:35.062 INFO [main] org.apache.catalina.startup.HostConfig.deployDirectory Deploying web application directory [/Users/zyf/Desktop/Programmer/Java/Java_SpringBoot/apache-tomcat-9.0.80/webapps/examples]
21-Sep-2023 10:14:35.430 INFO [main] org.apache.catalina.startup.HostConfig.deployDirectory Deployment of web application directory [/Users/zyf/Desktop/Programmer/Java/Java_SpringBoot/apache-tomcat-9.0.80/webapps/examples] has finished in [367] ms
21-Sep-2023 10:14:35.431 INFO [main] org.apache.catalina.startup.HostConfig.deployDirectory Deploying web application directory [/Users/zyf/Desktop/Programmer/Java/Java_SpringBoot/apache-tomcat-9.0.80/webapps/ROOT]
21-Sep-2023 10:14:35.451 INFO [main] org.apache.catalina.startup.HostConfig.deployDirectory Deployment of web application directory [/Users/zyf/Desktop/Programmer/Java/Java_SpringBoot/apache-tomcat-9.0.80/webapps/ROOT] has finished in [20] ms
21-Sep-2023 10:14:35.451 INFO [main] org.apache.catalina.startup.HostConfig.deployDirectory Deploying web application directory [/Users/zyf/Desktop/Programmer/Java/Java_SpringBoot/apache-tomcat-9.0.80/webapps/host-manager]
21-Sep-2023 10:14:35.477 INFO [main] org.apache.catalina.startup.HostConfig.deployDirectory Deployment of web application directory [/Users/zyf/Desktop/Programmer/Java/Java_SpringBoot/apache-tomcat-9.0.80/webapps/host-manager] has finished in [26] ms
21-Sep-2023 10:14:35.498 INFO [main] org.apache.coyote.AbstractProtocol.start Starting ProtocolHandler ["http-nio-8080"]
21-Sep-2023 10:14:35.516 INFO [main] org.apache.catalina.startup.Catalina.start Server startup in [903] milliseconds
21-Sep-2023 10:17:45.589 INFO [Catalina-utility-2] org.apache.catalina.startup.HostConfig.deployDirectory Deploying web application directory [/Users/zyf/Desktop/Programmer/Java/Java_SpringBoot/apache-tomcat-9.0.80/webapps/demo]
21-Sep-2023 10:17:45.659 INFO [Catalina-utility-2] org.apache.catalina.startup.HostConfig.deployDirectory Deployment of web application directory [/Users/zyf/Desktop/Programmer/Java/Java_SpringBoot/apache-tomcat-9.0.80/webapps/demo] has finished in [70] ms
21-Sep-2023 10:20:46.266 INFO [Catalina-utility-2] org.apache.catalina.startup.HostConfig.undeploy Undeploying context [/demo]
21-Sep-2023 10:20:56.303 INFO [Catalina-utility-2] org.apache.catalina.startup.HostConfig.deployDirectory Deploying web application directory [/Users/zyf/Desktop/Programmer/Java/Java_SpringBoot/apache-tomcat-9.0.80/webapps/demo]
21-Sep-2023 10:20:56.331 INFO [Catalina-utility-2] org.apache.catalina.startup.HostConfig.deployDirectory Deployment of web application directory [/Users/zyf/Desktop/Programmer/Java/Java_SpringBoot/apache-tomcat-9.0.80/webapps/demo] has finished in [28] ms
21-Sep-2023 10:27:37.763 INFO [main] org.apache.catalina.core.StandardServer.await A valid shutdown command was received via the shutdown port. Stopping the Server instance.
21-Sep-2023 10:27:37.764 INFO [main] org.apache.coyote.AbstractProtocol.pause Pausing ProtocolHandler ["http-nio-8080"]
21-Sep-2023 10:27:37.770 INFO [main] org.apache.catalina.core.StandardService.stopInternal Stopping service [Catalina]
21-Sep-2023 10:27:37.789 INFO [main] org.apache.coyote.AbstractProtocol.stop Stopping ProtocolHandler ["http-nio-8080"]
21-Sep-2023 10:27:37.796 INFO [main] org.apache.coyote.AbstractProtocol.destroy Destroying ProtocolHandler ["http-nio-8080"]
21-Sep-2023 13:21:37.683 INFO [main] org.apache.catalina.startup.VersionLoggerListener.log Server version name:   Apache Tomcat/9.0.80
21-Sep-2023 13:21:37.687 INFO [main] org.apache.catalina.startup.VersionLoggerListener.log Server built:          Aug 23 2023 21:59:38 UTC
21-Sep-2023 13:21:37.687 INFO [main] org.apache.catalina.startup.VersionLoggerListener.log Server version number: 9.0.80.0
21-Sep-2023 13:21:37.687 INFO [main] org.apache.catalina.startup.VersionLoggerListener.log OS Name:               Mac OS X
21-Sep-2023 13:21:37.687 INFO [main] org.apache.catalina.startup.VersionLoggerListener.log OS Version:            13.5.1
21-Sep-2023 13:21:37.688 INFO [main] org.apache.catalina.startup.VersionLoggerListener.log Architecture:          x86_64
21-Sep-2023 13:21:37.688 INFO [main] org.apache.catalina.startup.VersionLoggerListener.log Java Home:             /Library/Java/JavaVirtualMachines/jdk-11.0.17.jdk/Contents/Home
21-Sep-2023 13:21:37.688 INFO [main] org.apache.catalina.startup.VersionLoggerListener.log JVM Version:           11.0.17+10-LTS-269
21-Sep-2023 13:21:37.688 INFO [main] org.apache.catalina.startup.VersionLoggerListener.log JVM Vendor:            Oracle Corporation
21-Sep-2023 13:21:37.688 INFO [main] org.apache.catalina.startup.VersionLoggerListener.log CATALINA_BASE:         /Users/zyf/Desktop/Programmer/Java/Java_SpringBoot/apache-tomcat-9.0.80
21-Sep-2023 13:21:37.688 INFO [main] org.apache.catalina.startup.VersionLoggerListener.log CATALINA_HOME:         /Users/zyf/Desktop/Programmer/Java/Java_SpringBoot/apache-tomcat-9.0.80
21-Sep-2023 13:21:37.705 INFO [main] org.apache.catalina.startup.VersionLoggerListener.log Command line argument: --add-opens=java.base/java.lang=ALL-UNNAMED
21-Sep-2023 13:21:37.705 INFO [main] org.apache.catalina.startup.VersionLoggerListener.log Command line argument: --add-opens=java.base/java.io=ALL-UNNAMED
21-Sep-2023 13:21:37.705 INFO [main] org.apache.catalina.startup.VersionLoggerListener.log Command line argument: --add-opens=java.base/java.util=ALL-UNNAMED
21-Sep-2023 13:21:37.705 INFO [main] org.apache.catalina.startup.VersionLoggerListener.log Command line argument: --add-opens=java.base/java.util.concurrent=ALL-UNNAMED
21-Sep-2023 13:21:37.706 INFO [main] org.apache.catalina.startup.VersionLoggerListener.log Command line argument: --add-opens=java.rmi/sun.rmi.transport=ALL-UNNAMED
21-Sep-2023 13:21:37.706 INFO [main] org.apache.catalina.startup.VersionLoggerListener.log Command line argument: -Djava.util.logging.config.file=/Users/zyf/Desktop/Programmer/Java/Java_SpringBoot/apache-tomcat-9.0.80/conf/logging.properties
21-Sep-2023 13:21:37.706 INFO [main] org.apache.catalina.startup.VersionLoggerListener.log Command line argument: -Djava.util.logging.manager=org.apache.juli.ClassLoaderLogManager
21-Sep-2023 13:21:37.706 INFO [main] org.apache.catalina.startup.VersionLoggerListener.log Command line argument: -Djdk.tls.ephemeralDHKeySize=2048
21-Sep-2023 13:21:37.706 INFO [main] org.apache.catalina.startup.VersionLoggerListener.log Command line argument: -Djava.protocol.handler.pkgs=org.apache.catalina.webresources
21-Sep-2023 13:21:37.706 INFO [main] org.apache.catalina.startup.VersionLoggerListener.log Command line argument: -Dorg.apache.catalina.security.SecurityListener.UMASK=0027
21-Sep-2023 13:21:37.706 INFO [main] org.apache.catalina.startup.VersionLoggerListener.log Command line argument: -Dignore.endorsed.dirs=
21-Sep-2023 13:21:37.706 INFO [main] org.apache.catalina.startup.VersionLoggerListener.log Command line argument: -Dcatalina.base=/Users/zyf/Desktop/Programmer/Java/Java_SpringBoot/apache-tomcat-9.0.80
21-Sep-2023 13:21:37.706 INFO [main] org.apache.catalina.startup.VersionLoggerListener.log Command line argument: -Dcatalina.home=/Users/zyf/Desktop/Programmer/Java/Java_SpringBoot/apache-tomcat-9.0.80
21-Sep-2023 13:21:37.707 INFO [main] org.apache.catalina.startup.VersionLoggerListener.log Command line argument: -Djava.io.tmpdir=/Users/zyf/Desktop/Programmer/Java/Java_SpringBoot/apache-tomcat-9.0.80/temp
21-Sep-2023 13:21:37.721 INFO [main] org.apache.catalina.core.AprLifecycleListener.lifecycleEvent The Apache Tomcat Native library which allows using OpenSSL was not found on the java.library.path: [/Users/zyf/Library/Java/Extensions:/Library/Java/Extensions:/Network/Library/Java/Extensions:/System/Library/Java/Extensions:/usr/lib/java:.]
21-Sep-2023 13:21:38.084 INFO [main] org.apache.coyote.AbstractProtocol.init Initializing ProtocolHandler ["http-nio-8080"]
21-Sep-2023 13:21:38.120 INFO [main] org.apache.catalina.startup.Catalina.load Server initialization in [673] milliseconds
21-Sep-2023 13:21:38.185 INFO [main] org.apache.catalina.core.StandardService.startInternal Starting service [Catalina]
21-Sep-2023 13:21:38.185 INFO [main] org.apache.catalina.core.StandardEngine.startInternal Starting Servlet engine: [Apache Tomcat/9.0.80]
21-Sep-2023 13:21:38.197 INFO [main] org.apache.catalina.startup.HostConfig.deployDirectory Deploying web application directory [/Users/zyf/Desktop/Programmer/Java/Java_SpringBoot/apache-tomcat-9.0.80/webapps/demo]
21-Sep-2023 13:21:38.519 INFO [main] org.apache.catalina.startup.HostConfig.deployDirectory Deployment of web application directory [/Users/zyf/Desktop/Programmer/Java/Java_SpringBoot/apache-tomcat-9.0.80/webapps/demo] has finished in [321] ms
21-Sep-2023 13:21:38.519 INFO [main] org.apache.catalina.startup.HostConfig.deployDirectory Deploying web application directory [/Users/zyf/Desktop/Programmer/Java/Java_SpringBoot/apache-tomcat-9.0.80/webapps/docs]
21-Sep-2023 13:21:38.546 INFO [main] org.apache.catalina.startup.HostConfig.deployDirectory Deployment of web application directory [/Users/zyf/Desktop/Programmer/Java/Java_SpringBoot/apache-tomcat-9.0.80/webapps/docs] has finished in [27] ms
21-Sep-2023 13:21:38.547 INFO [main] org.apache.catalina.startup.HostConfig.deployDirectory Deploying web application directory [/Users/zyf/Desktop/Programmer/Java/Java_SpringBoot/apache-tomcat-9.0.80/webapps/manager]
21-Sep-2023 13:21:38.580 INFO [main] org.apache.catalina.startup.HostConfig.deployDirectory Deployment of web application directory [/Users/zyf/Desktop/Programmer/Java/Java_SpringBoot/apache-tomcat-9.0.80/webapps/manager] has finished in [33] ms
21-Sep-2023 13:21:38.580 INFO [main] org.apache.catalina.startup.HostConfig.deployDirectory Deploying web application directory [/Users/zyf/Desktop/Programmer/Java/Java_SpringBoot/apache-tomcat-9.0.80/webapps/examples]
21-Sep-2023 13:21:38.871 INFO [main] org.apache.catalina.startup.HostConfig.deployDirectory Deployment of web application directory [/Users/zyf/Desktop/Programmer/Java/Java_SpringBoot/apache-tomcat-9.0.80/webapps/examples] has finished in [291] ms
21-Sep-2023 13:21:38.871 INFO [main] org.apache.catalina.startup.HostConfig.deployDirectory Deploying web application directory [/Users/zyf/Desktop/Programmer/Java/Java_SpringBoot/apache-tomcat-9.0.80/webapps/ROOT]
21-Sep-2023 13:21:38.890 INFO [main] org.apache.catalina.startup.HostConfig.deployDirectory Deployment of web application directory [/Users/zyf/Desktop/Programmer/Java/Java_SpringBoot/apache-tomcat-9.0.80/webapps/ROOT] has finished in [19] ms
21-Sep-2023 13:21:38.890 INFO [main] org.apache.catalina.startup.HostConfig.deployDirectory Deploying web application directory [/Users/zyf/Desktop/Programmer/Java/Java_SpringBoot/apache-tomcat-9.0.80/webapps/host-manager]
21-Sep-2023 13:21:38.919 INFO [main] org.apache.catalina.startup.HostConfig.deployDirectory Deployment of web application directory [/Users/zyf/Desktop/Programmer/Java/Java_SpringBoot/apache-tomcat-9.0.80/webapps/host-manager] has finished in [29] ms
21-Sep-2023 13:21:38.924 INFO [main] org.apache.coyote.AbstractProtocol.start Starting ProtocolHandler ["http-nio-8080"]
21-Sep-2023 13:21:38.944 INFO [main] org.apache.catalina.startup.Catalina.start Server startup in [824] milliseconds
21-Sep-2023 13:21:39.645 INFO [main] org.apache.catalina.core.StandardServer.await A valid shutdown command was received via the shutdown port. Stopping the Server instance.
21-Sep-2023 13:21:39.645 INFO [main] org.apache.coyote.AbstractProtocol.pause Pausing ProtocolHandler ["http-nio-8080"]
21-Sep-2023 13:21:39.655 INFO [main] org.apache.catalina.core.StandardService.stopInternal Stopping service [Catalina]
21-Sep-2023 13:21:39.678 INFO [main] org.apache.coyote.AbstractProtocol.stop Stopping ProtocolHandler ["http-nio-8080"]
21-Sep-2023 13:21:39.695 INFO [main] org.apache.coyote.AbstractProtocol.destroy Destroying ProtocolHandler ["http-nio-8080"]
21-Sep-2023 13:21:50.284 INFO [main] org.apache.catalina.startup.VersionLoggerListener.log Server version name:   Apache Tomcat/9.0.80
21-Sep-2023 13:21:50.293 INFO [main] org.apache.catalina.startup.VersionLoggerListener.log Server built:          Aug 23 2023 21:59:38 UTC
21-Sep-2023 13:21:50.294 INFO [main] org.apache.catalina.startup.VersionLoggerListener.log Server version number: 9.0.80.0
21-Sep-2023 13:21:50.295 INFO [main] org.apache.catalina.startup.VersionLoggerListener.log OS Name:               Mac OS X
21-Sep-2023 13:21:50.295 INFO [main] org.apache.catalina.startup.VersionLoggerListener.log OS Version:            13.5.1
21-Sep-2023 13:21:50.295 INFO [main] org.apache.catalina.startup.VersionLoggerListener.log Architecture:          x86_64
21-Sep-2023 13:21:50.296 INFO [main] org.apache.catalina.startup.VersionLoggerListener.log Java Home:             /Library/Java/JavaVirtualMachines/jdk-11.0.17.jdk/Contents/Home
21-Sep-2023 13:21:50.296 INFO [main] org.apache.catalina.startup.VersionLoggerListener.log JVM Version:           11.0.17+10-LTS-269
21-Sep-2023 13:21:50.297 INFO [main] org.apache.catalina.startup.VersionLoggerListener.log JVM Vendor:            Oracle Corporation
21-Sep-2023 13:21:50.297 INFO [main] org.apache.catalina.startup.VersionLoggerListener.log CATALINA_BASE:         /Users/zyf/Desktop/Programmer/Java/Java_SpringBoot/apache-tomcat-9.0.80
21-Sep-2023 13:21:50.297 INFO [main] org.apache.catalina.startup.VersionLoggerListener.log CATALINA_HOME:         /Users/zyf/Desktop/Programmer/Java/Java_SpringBoot/apache-tomcat-9.0.80
21-Sep-2023 13:21:50.320 INFO [main] org.apache.catalina.startup.VersionLoggerListener.log Command line argument: --add-opens=java.base/java.lang=ALL-UNNAMED
21-Sep-2023 13:21:50.320 INFO [main] org.apache.catalina.startup.VersionLoggerListener.log Command line argument: --add-opens=java.base/java.io=ALL-UNNAMED
21-Sep-2023 13:21:50.320 INFO [main] org.apache.catalina.startup.VersionLoggerListener.log Command line argument: --add-opens=java.base/java.util=ALL-UNNAMED
21-Sep-2023 13:21:50.321 INFO [main] org.apache.catalina.startup.VersionLoggerListener.log Command line argument: --add-opens=java.base/java.util.concurrent=ALL-UNNAMED
21-Sep-2023 13:21:50.321 INFO [main] org.apache.catalina.startup.VersionLoggerListener.log Command line argument: --add-opens=java.rmi/sun.rmi.transport=ALL-UNNAMED
21-Sep-2023 13:21:50.322 INFO [main] org.apache.catalina.startup.VersionLoggerListener.log Command line argument: -Djava.util.logging.config.file=/Users/zyf/Desktop/Programmer/Java/Java_SpringBoot/apache-tomcat-9.0.80/conf/logging.properties
21-Sep-2023 13:21:50.322 INFO [main] org.apache.catalina.startup.VersionLoggerListener.log Command line argument: -Djava.util.logging.manager=org.apache.juli.ClassLoaderLogManager
21-Sep-2023 13:21:50.322 INFO [main] org.apache.catalina.startup.VersionLoggerListener.log Command line argument: -Djdk.tls.ephemeralDHKeySize=2048
21-Sep-2023 13:21:50.322 INFO [main] org.apache.catalina.startup.VersionLoggerListener.log Command line argument: -Djava.protocol.handler.pkgs=org.apache.catalina.webresources
21-Sep-2023 13:21:50.322 INFO [main] org.apache.catalina.startup.VersionLoggerListener.log Command line argument: -Dorg.apache.catalina.security.SecurityListener.UMASK=0027
21-Sep-2023 13:21:50.322 INFO [main] org.apache.catalina.startup.VersionLoggerListener.log Command line argument: -Dignore.endorsed.dirs=
21-Sep-2023 13:21:50.322 INFO [main] org.apache.catalina.startup.VersionLoggerListener.log Command line argument: -Dcatalina.base=/Users/zyf/Desktop/Programmer/Java/Java_SpringBoot/apache-tomcat-9.0.80
21-Sep-2023 13:21:50.322 INFO [main] org.apache.catalina.startup.VersionLoggerListener.log Command line argument: -Dcatalina.home=/Users/zyf/Desktop/Programmer/Java/Java_SpringBoot/apache-tomcat-9.0.80
21-Sep-2023 13:21:50.323 INFO [main] org.apache.catalina.startup.VersionLoggerListener.log Command line argument: -Djava.io.tmpdir=/Users/zyf/Desktop/Programmer/Java/Java_SpringBoot/apache-tomcat-9.0.80/temp
21-Sep-2023 13:21:50.339 INFO [main] org.apache.catalina.core.AprLifecycleListener.lifecycleEvent The Apache Tomcat Native library which allows using OpenSSL was not found on the java.library.path: [/Users/zyf/Library/Java/Extensions:/Library/Java/Extensions:/Network/Library/Java/Extensions:/System/Library/Java/Extensions:/usr/lib/java:.]
21-Sep-2023 13:21:50.892 INFO [main] org.apache.coyote.AbstractProtocol.init Initializing ProtocolHandler ["http-nio-8080"]
21-Sep-2023 13:21:50.962 INFO [main] org.apache.catalina.startup.Catalina.load Server initialization in [961] milliseconds
21-Sep-2023 13:21:51.089 INFO [main] org.apache.catalina.core.StandardService.startInternal Starting service [Catalina]
21-Sep-2023 13:21:51.090 INFO [main] org.apache.catalina.core.StandardEngine.startInternal Starting Servlet engine: [Apache Tomcat/9.0.80]
21-Sep-2023 13:21:51.109 INFO [main] org.apache.catalina.startup.HostConfig.deployDirectory Deploying web application directory [/Users/zyf/Desktop/Programmer/Java/Java_SpringBoot/apache-tomcat-9.0.80/webapps/demo]
21-Sep-2023 13:21:51.711 INFO [main] org.apache.catalina.startup.HostConfig.deployDirectory Deployment of web application directory [/Users/zyf/Desktop/Programmer/Java/Java_SpringBoot/apache-tomcat-9.0.80/webapps/demo] has finished in [602] ms
21-Sep-2023 13:21:51.712 INFO [main] org.apache.catalina.startup.HostConfig.deployDirectory Deploying web application directory [/Users/zyf/Desktop/Programmer/Java/Java_SpringBoot/apache-tomcat-9.0.80/webapps/docs]
21-Sep-2023 13:21:51.753 INFO [main] org.apache.catalina.startup.HostConfig.deployDirectory Deployment of web application directory [/Users/zyf/Desktop/Programmer/Java/Java_SpringBoot/apache-tomcat-9.0.80/webapps/docs] has finished in [41] ms
21-Sep-2023 13:21:51.755 INFO [main] org.apache.catalina.startup.HostConfig.deployDirectory Deploying web application directory [/Users/zyf/Desktop/Programmer/Java/Java_SpringBoot/apache-tomcat-9.0.80/webapps/manager]
21-Sep-2023 13:21:51.828 INFO [main] org.apache.catalina.startup.HostConfig.deployDirectory Deployment of web application directory [/Users/zyf/Desktop/Programmer/Java/Java_SpringBoot/apache-tomcat-9.0.80/webapps/manager] has finished in [74] ms
21-Sep-2023 13:21:51.829 INFO [main] org.apache.catalina.startup.HostConfig.deployDirectory Deploying web application directory [/Users/zyf/Desktop/Programmer/Java/Java_SpringBoot/apache-tomcat-9.0.80/webapps/examples]
21-Sep-2023 13:21:52.332 INFO [main] org.apache.catalina.startup.HostConfig.deployDirectory Deployment of web application directory [/Users/zyf/Desktop/Programmer/Java/Java_SpringBoot/apache-tomcat-9.0.80/webapps/examples] has finished in [503] ms
21-Sep-2023 13:21:52.332 INFO [main] org.apache.catalina.startup.HostConfig.deployDirectory Deploying web application directory [/Users/zyf/Desktop/Programmer/Java/Java_SpringBoot/apache-tomcat-9.0.80/webapps/ROOT]
21-Sep-2023 13:21:52.366 INFO [main] org.apache.catalina.startup.HostConfig.deployDirectory Deployment of web application directory [/Users/zyf/Desktop/Programmer/Java/Java_SpringBoot/apache-tomcat-9.0.80/webapps/ROOT] has finished in [33] ms
21-Sep-2023 13:21:52.366 INFO [main] org.apache.catalina.startup.HostConfig.deployDirectory Deploying web application directory [/Users/zyf/Desktop/Programmer/Java/Java_SpringBoot/apache-tomcat-9.0.80/webapps/host-manager]
21-Sep-2023 13:21:52.416 INFO [main] org.apache.catalina.startup.HostConfig.deployDirectory Deployment of web application directory [/Users/zyf/Desktop/Programmer/Java/Java_SpringBoot/apache-tomcat-9.0.80/webapps/host-manager] has finished in [50] ms
21-Sep-2023 13:21:52.422 INFO [main] org.apache.coyote.AbstractProtocol.start Starting ProtocolHandler ["http-nio-8080"]
21-Sep-2023 13:21:52.441 INFO [main] org.apache.catalina.startup.Catalina.start Server startup in [1478] milliseconds
21-Sep-2023 13:21:56.851 INFO [main] org.apache.catalina.core.StandardServer.await A valid shutdown command was received via the shutdown port. Stopping the Server instance.
21-Sep-2023 13:21:56.852 INFO [main] org.apache.coyote.AbstractProtocol.pause Pausing ProtocolHandler ["http-nio-8080"]
21-Sep-2023 13:21:56.860 INFO [main] org.apache.catalina.core.StandardService.stopInternal Stopping service [Catalina]
21-Sep-2023 13:21:56.891 INFO [main] org.apache.coyote.AbstractProtocol.stop Stopping ProtocolHandler ["http-nio-8080"]
21-Sep-2023 13:21:56.898 INFO [main] org.apache.coyote.AbstractProtocol.destroy Destroying ProtocolHandler ["http-nio-8080"]
