21-Sep-2023 10:10:32.125 INFO [main] org.apache.catalina.core.ApplicationContext.log ContextListener: contextInitialized()
21-Sep-2023 10:10:32.126 INFO [main] org.apache.catalina.core.ApplicationContext.log SessionListener: contextInitialized()
21-Sep-2023 10:10:32.129 INFO [main] org.apache.catalina.core.ApplicationContext.log ContextListener: attributeAdded('StockTicker', 'async.Stockticker@64b31700')
21-Sep-2023 10:11:26.681 INFO [main] org.apache.catalina.core.ApplicationContext.log ContextListener: contextInitialized()
21-Sep-2023 10:11:26.681 INFO [main] org.apache.catalina.core.ApplicationContext.log SessionListener: contextInitialized()
21-Sep-2023 10:11:26.682 INFO [main] org.apache.catalina.core.ApplicationContext.log ContextListener: attributeAdded('StockTicker', 'async.Stockticker@117632cf')
21-Sep-2023 10:11:26.759 INFO [main] org.apache.catalina.core.ApplicationContext.log SessionListener: contextDestroyed()
21-Sep-2023 10:11:26.759 INFO [main] org.apache.catalina.core.ApplicationContext.log ContextListener: contextDestroyed()
21-Sep-2023 10:11:37.589 INFO [main] org.apache.catalina.core.ApplicationContext.log SessionListener: contextDestroyed()
21-Sep-2023 10:11:37.590 INFO [main] org.apache.catalina.core.ApplicationContext.log ContextListener: contextDestroyed()
21-Sep-2023 10:11:58.748 INFO [main] org.apache.catalina.core.ApplicationContext.log ContextListener: contextInitialized()
21-Sep-2023 10:11:58.748 INFO [main] org.apache.catalina.core.ApplicationContext.log SessionListener: contextInitialized()
21-Sep-2023 10:11:58.750 INFO [main] org.apache.catalina.core.ApplicationContext.log ContextListener: attributeAdded('StockTicker', 'async.Stockticker@60b85ba1')
21-Sep-2023 10:13:21.105 INFO [main] org.apache.catalina.core.ApplicationContext.log SessionListener: contextDestroyed()
21-Sep-2023 10:13:21.106 INFO [main] org.apache.catalina.core.ApplicationContext.log ContextListener: contextDestroyed()
21-Sep-2023 10:13:24.310 INFO [main] org.apache.catalina.core.ApplicationContext.log ContextListener: contextInitialized()
21-Sep-2023 10:13:24.310 INFO [main] org.apache.catalina.core.ApplicationContext.log SessionListener: contextInitialized()
21-Sep-2023 10:13:24.312 INFO [main] org.apache.catalina.core.ApplicationContext.log ContextListener: attributeAdded('StockTicker', 'async.Stockticker@492fc69e')
21-Sep-2023 10:14:32.747 INFO [main] org.apache.catalina.core.ApplicationContext.log SessionListener: contextDestroyed()
21-Sep-2023 10:14:32.747 INFO [main] org.apache.catalina.core.ApplicationContext.log ContextListener: contextDestroyed()
21-Sep-2023 10:14:35.417 INFO [main] org.apache.catalina.core.ApplicationContext.log ContextListener: contextInitialized()
21-Sep-2023 10:14:35.417 INFO [main] org.apache.catalina.core.ApplicationContext.log SessionListener: contextInitialized()
21-Sep-2023 10:14:35.419 INFO [main] org.apache.catalina.core.ApplicationContext.log ContextListener: attributeAdded('StockTicker', 'async.Stockticker@6c44052e')
21-Sep-2023 10:27:37.775 INFO [main] org.apache.catalina.core.ApplicationContext.log SessionListener: contextDestroyed()
21-Sep-2023 10:27:37.775 INFO [main] org.apache.catalina.core.ApplicationContext.log ContextListener: contextDestroyed()
21-Sep-2023 13:21:38.863 INFO [main] org.apache.catalina.core.ApplicationContext.log ContextListener: contextInitialized()
21-Sep-2023 13:21:38.863 INFO [main] org.apache.catalina.core.ApplicationContext.log SessionListener: contextInitialized()
21-Sep-2023 13:21:38.864 INFO [main] org.apache.catalina.core.ApplicationContext.log ContextListener: attributeAdded('StockTicker', 'async.Stockticker@55a8dc49')
21-Sep-2023 13:21:39.666 INFO [main] org.apache.catalina.core.ApplicationContext.log SessionListener: contextDestroyed()
21-Sep-2023 13:21:39.667 INFO [main] org.apache.catalina.core.ApplicationContext.log ContextListener: contextDestroyed()
21-Sep-2023 13:21:52.318 INFO [main] org.apache.catalina.core.ApplicationContext.log ContextListener: contextInitialized()
21-Sep-2023 13:21:52.318 INFO [main] org.apache.catalina.core.ApplicationContext.log SessionListener: contextInitialized()
21-Sep-2023 13:21:52.320 INFO [main] org.apache.catalina.core.ApplicationContext.log ContextListener: attributeAdded('StockTicker', 'async.Stockticker@777c9dc9')
21-Sep-2023 13:21:56.874 INFO [main] org.apache.catalina.core.ApplicationContext.log SessionListener: contextDestroyed()
21-Sep-2023 13:21:56.874 INFO [main] org.apache.catalina.core.ApplicationContext.log ContextListener: contextDestroyed()
